<?xml version="1.0" encoding="UTF-8"?>
<!-- Generated by org.testng.reporters.JUnitReportReporter -->
<testsuite hostname="shabana-MacBookPro" failures="0" tests="3" name="ExecutePageClasses.ExpenseCategoryTestClass" time="11.168" errors="0" timestamp="2023-07-09T00:35:26 IST" skipped="0">
  <testcase classname="ExecutePageClasses.ExpenseCategoryTestClass" name="verifyToCreateNewExpense" time="3.671"/>
  <system-out/>
  <testcase classname="ExecutePageClasses.ExpenseCategoryTestClass" name="verifyToSearchCreatedExpense" time="3.548"/>
  <system-out/>
  <testcase classname="ExecutePageClasses.ExpenseCategoryTestClass" name="verifyToDeleteCreatedExpense" time="3.949"/>
  <system-out/>
</testsuite> <!-- ExecutePageClasses.ExpenseCategoryTestClass -->
