<?xml version="1.0" encoding="UTF-8"?>
<!-- Generated by org.testng.reporters.JUnitReportReporter -->
<testsuite hostname="shabana-MacBookPro" failures="0" tests="1" name="ExecutePageClasses.ManagaProductTestPage" time="4.490" errors="0" timestamp="2023-07-09T00:35:26 IST" skipped="0">
  <testcase classname="ExecutePageClasses.ManagaProductTestPage" name="verifyToSearchaProduct" time="4.490"/>
  <system-out/>
</testsuite> <!-- ExecutePageClasses.ManagaProductTestPage -->
