<?xml version="1.0" encoding="UTF-8"?>
<!-- Generated by org.testng.reporters.JUnitReportReporter -->
<testsuite hostname="shabana-MacBookPro" failures="0" tests="3" name="ExecutePageClasses.ManageExpenseNewTest" time="26.100" errors="0" timestamp="2023-07-09T00:35:26 IST" skipped="0">
  <testcase classname="ExecutePageClasses.ManageExpenseNewTest" name="createNewMangeExpense" time="12.952"/>
  <system-out/>
  <testcase classname="ExecutePageClasses.ManageExpenseNewTest" name="clickManageExpenseAndIsDisplayedOrNot" time="3.382"/>
  <system-out/>
  <testcase classname="ExecutePageClasses.ManageExpenseNewTest" name="searchCreatedNewMangeExpense" time="9.766"/>
  <system-out/>
</testsuite> <!-- ExecutePageClasses.ManageExpenseNewTest -->
