<?xml version="1.0" encoding="UTF-8"?>
<!-- Generated by org.testng.reporters.JUnitReportReporter -->
<testsuite hostname="shabana-MacBookPro" failures="0" tests="1" name="ExecutePageClasses.HomePageTestClass" time="3.118" errors="0" timestamp="2023-07-09T00:35:26 IST" skipped="0">
  <testcase classname="ExecutePageClasses.HomePageTestClass" name="verifyAllTileDisplayed" time="3.118"/>
  <system-out/>
</testsuite> <!-- ExecutePageClasses.HomePageTestClass -->
