<?xml version="1.0" encoding="UTF-8"?>
<!-- Generated by org.testng.reporters.JUnitReportReporter -->
<testsuite hostname="shabana-MacBookPro" failures="0" tests="5" name="ExecutePageClasses.LoginPageTestClass" time="77.996" errors="0" timestamp="2023-07-09T00:35:26 IST" skipped="0">
  <testcase classname="ExecutePageClasses.LoginPageTestClass" name="verifyUnSuccessfulLogin" time="29.077"/>
  <system-out/>
  <testcase classname="ExecutePageClasses.LoginPageTestClass" name="verifyUnSuccessfulLogin" time="29.185"/>
  <system-out/>
  <testcase classname="ExecutePageClasses.LoginPageTestClass" name="verifyUnSuccessfulLogin" time="6.641"/>
  <system-out/>
  <testcase classname="ExecutePageClasses.LoginPageTestClass" name="verifySuccessfulLogin" time="10.036"/>
  <system-out/>
  <testcase classname="ExecutePageClasses.LoginPageTestClass" name="verifyRememberMeCheckBoxIsSlectedOrNot" time="3.057"/>
  <system-out/>
</testsuite> <!-- ExecutePageClasses.LoginPageTestClass -->
